2017-06-20 17:31:35,219 INFO o.a.j.u.JMeterUtils: Setting Locale to zh_CN
2017-06-20 17:31:35,235 INFO o.a.j.JMeter: Loading user properties from: /Users/xuchu/xctools/apache-jmeter-3.2/bin/user.properties
2017-06-20 17:31:35,236 INFO o.a.j.JMeter: Loading system properties from: /Users/xuchu/xctools/apache-jmeter-3.2/bin/system.properties
2017-06-20 17:31:35,236 INFO o.a.j.JMeter: Setting JMeter property: count=11111
2017-06-20 17:31:35,236 INFO o.a.j.JMeter: Setting JMeter property: data1=22222
2017-06-20 17:31:35,240 INFO o.a.j.JMeter: Copyright (c) 1998-2017 The Apache Software Foundation
2017-06-20 17:31:35,240 INFO o.a.j.JMeter: Version 3.2 r1790748
2017-06-20 17:31:35,240 INFO o.a.j.JMeter: java.version=1.8.0_131
2017-06-20 17:31:35,240 INFO o.a.j.JMeter: java.vm.name=Java HotSpot(TM) 64-Bit Server VM
2017-06-20 17:31:35,240 INFO o.a.j.JMeter: os.name=Mac OS X
2017-06-20 17:31:35,240 INFO o.a.j.JMeter: os.arch=x86_64
2017-06-20 17:31:35,241 INFO o.a.j.JMeter: os.version=10.12.5
2017-06-20 17:31:35,241 INFO o.a.j.JMeter: file.encoding=US-ASCII
2017-06-20 17:31:35,241 INFO o.a.j.JMeter: Max memory     =536870912
2017-06-20 17:31:35,241 INFO o.a.j.JMeter: Available Processors =4
2017-06-20 17:31:35,249 INFO o.a.j.JMeter: Default Locale=?? (??)
2017-06-20 17:31:35,251 INFO o.a.j.JMeter: JMeter  Locale=?? (??)
2017-06-20 17:31:35,251 INFO o.a.j.JMeter: JMeterHome=/Users/xuchu/xctools/apache-jmeter-3.2
2017-06-20 17:31:35,251 INFO o.a.j.JMeter: user.dir  =/Users/xuchu/xcpy/bsbApi/autoJmeter
2017-06-20 17:31:35,252 INFO o.a.j.JMeter: PWD       =/Users/xuchu/xcpy/bsbApi/autoJmeter
2017-06-20 17:31:35,255 INFO o.a.j.JMeter: IP: 10.1.2.231 Name: bogon FullName: bogon
2017-06-20 17:31:35,261 INFO o.a.j.s.FileServer: Default base='/Users/xuchu/xcpy/bsbApi/autoJmeter'
2017-06-20 17:31:35,261 INFO o.a.j.s.FileServer: Set new base='/Users/xuchu/xcpy/bsbApi/autoJmeter/jmxs'
2017-06-20 17:31:35,357 INFO o.a.j.s.SaveService: Testplan (JMX) version: 2.2. Testlog (JTL) version: 2.2
2017-06-20 17:31:35,369 INFO o.a.j.s.SaveService: Using SaveService properties file encoding UTF-8
2017-06-20 17:31:35,373 INFO o.a.j.s.SaveService: Using SaveService properties version 3.2
2017-06-20 17:31:35,378 INFO o.a.j.s.SaveService: Loading file: /Users/xuchu/xcpy/bsbApi/autoJmeter/jmxs/dafei001.jmx
2017-06-20 17:31:35,427 INFO o.a.j.p.h.s.HTTPSamplerBase: Parser for text/html is org.apache.jmeter.protocol.http.parser.LagartoBasedHtmlParser
2017-06-20 17:31:35,428 INFO o.a.j.p.h.s.HTTPSamplerBase: Parser for application/xhtml+xml is org.apache.jmeter.protocol.http.parser.LagartoBasedHtmlParser
2017-06-20 17:31:35,428 INFO o.a.j.p.h.s.HTTPSamplerBase: Parser for application/xml is org.apache.jmeter.protocol.http.parser.LagartoBasedHtmlParser
2017-06-20 17:31:35,428 INFO o.a.j.p.h.s.HTTPSamplerBase: Parser for text/xml is org.apache.jmeter.protocol.http.parser.LagartoBasedHtmlParser
2017-06-20 17:31:35,428 INFO o.a.j.p.h.s.HTTPSamplerBase: Parser for text/vnd.wap.wml is org.apache.jmeter.protocol.http.parser.RegexpHTMLParser
2017-06-20 17:31:35,428 INFO o.a.j.p.h.s.HTTPSamplerBase: Parser for text/css is org.apache.jmeter.protocol.http.parser.CssParser
2017-06-20 17:31:35,450 INFO o.a.j.JMeter: Creating summariser <summary>
2017-06-20 17:31:35,454 INFO o.a.j.e.StandardJMeterEngine: Running the test!
2017-06-20 17:31:35,455 INFO o.a.j.s.SampleEvent: List of sample_variables: []
2017-06-20 17:31:35,455 INFO o.a.j.s.SampleEvent: List of sample_variables: []
2017-06-20 17:31:35,458 INFO o.a.j.e.u.CompoundVariable: Note: Function class names must contain the string: '.functions.'
2017-06-20 17:31:35,458 INFO o.a.j.e.u.CompoundVariable: Note: Function class names must not contain the string: '.gui.'
2017-06-20 17:31:35,720 INFO o.a.j.JMeter: ??????? (1497951095720)
2017-06-20 17:31:35,810 INFO o.a.j.e.StandardJMeterEngine: Starting ThreadGroup: 1 : ???
2017-06-20 17:31:35,811 INFO o.a.j.e.StandardJMeterEngine: Starting 1 threads for group ???.
2017-06-20 17:31:35,811 INFO o.a.j.e.StandardJMeterEngine: Thread will continue on error
2017-06-20 17:31:35,811 INFO o.a.j.t.ThreadGroup: Starting thread group... number=1 threads=1 ramp-up=1 perThread=1000.0 delayedStart=false
2017-06-20 17:31:35,817 INFO o.a.j.t.ThreadGroup: Started thread group number 1
2017-06-20 17:31:35,818 INFO o.a.j.e.StandardJMeterEngine: All thread groups have been started
2017-06-20 17:31:35,820 INFO o.a.j.t.JMeterThread: Thread started: ??? 1-1
2017-06-20 17:31:35,840 INFO o.a.j.p.h.s.HTTPHCAbstractImpl: Local host = bogon
2017-06-20 17:31:35,844 INFO o.a.j.p.h.s.HTTPHC4Impl: HTTP request retry count = 3
2017-06-20 17:31:35,850 INFO o.a.j.s.SampleResult: Note: Sample TimeStamps are START times
2017-06-20 17:31:35,850 INFO o.a.j.s.SampleResult: sampleresult.default.encoding is set to utf-8
2017-06-20 17:31:35,850 INFO o.a.j.s.SampleResult: sampleresult.useNanoTime=true
2017-06-20 17:31:35,851 INFO o.a.j.s.SampleResult: sampleresult.nanoThreadSleep=5000
2017-06-20 17:31:35,931 INFO o.a.j.r.Summariser: summary +      1 in 00:00:00 =    4.8/s Avg:    59 Min:    59 Max:    59 Err:     0 (0.00%) Active: 1 Started: 1 Finished: 0
2017-06-20 17:31:35,938 INFO o.a.j.t.JMeterThread: Thread is done: ??? 1-1
2017-06-20 17:31:35,939 INFO o.a.j.t.JMeterThread: Thread finished: ??? 1-1
2017-06-20 17:31:35,940 INFO o.a.j.e.StandardJMeterEngine: Notifying test listeners of end of test
2017-06-20 17:31:35,940 INFO o.a.j.r.Summariser: summary +      1 in 00:00:00 =   83.3/s Avg:     6 Min:     6 Max:     6 Err:     0 (0.00%) Active: 0 Started: 1 Finished: 1
2017-06-20 17:31:35,940 INFO o.a.j.r.Summariser: summary =      2 in 00:00:00 =    9.1/s Avg:    32 Min:     6 Max:    59 Err:     0 (0.00%)
