2017-06-20 20:22:47,774 INFO o.a.j.u.JMeterUtils: Setting Locale to zh_CN
2017-06-20 20:22:47,784 INFO o.a.j.JMeter: Loading user properties from: /Users/xuchu/xctools/apache-jmeter-3.2/bin/user.properties
2017-06-20 20:22:47,784 INFO o.a.j.JMeter: Loading system properties from: /Users/xuchu/xctools/apache-jmeter-3.2/bin/system.properties
2017-06-20 20:22:47,784 INFO o.a.j.JMeter: Setting JMeter property: count=11111
2017-06-20 20:22:47,785 INFO o.a.j.JMeter: Setting JMeter property: data1=22222
2017-06-20 20:22:47,788 INFO o.a.j.JMeter: Copyright (c) 1998-2017 The Apache Software Foundation
2017-06-20 20:22:47,788 INFO o.a.j.JMeter: Version 3.2 r1790748
2017-06-20 20:22:47,788 INFO o.a.j.JMeter: java.version=1.8.0_131
2017-06-20 20:22:47,788 INFO o.a.j.JMeter: java.vm.name=Java HotSpot(TM) 64-Bit Server VM
2017-06-20 20:22:47,788 INFO o.a.j.JMeter: os.name=Mac OS X
2017-06-20 20:22:47,789 INFO o.a.j.JMeter: os.arch=x86_64
2017-06-20 20:22:47,789 INFO o.a.j.JMeter: os.version=10.12.5
2017-06-20 20:22:47,789 INFO o.a.j.JMeter: file.encoding=UTF-8
2017-06-20 20:22:47,789 INFO o.a.j.JMeter: Max memory     =536870912
2017-06-20 20:22:47,789 INFO o.a.j.JMeter: Available Processors =4
2017-06-20 20:22:47,794 INFO o.a.j.JMeter: Default Locale=中文 (中国)
2017-06-20 20:22:47,794 INFO o.a.j.JMeter: JMeter  Locale=中文 (中国)
2017-06-20 20:22:47,794 INFO o.a.j.JMeter: JMeterHome=/Users/xuchu/xctools/apache-jmeter-3.2
2017-06-20 20:22:47,794 INFO o.a.j.JMeter: user.dir  =/Users/xuchu/xcpy/bsbApi/autoJmeter/utils
2017-06-20 20:22:47,794 INFO o.a.j.JMeter: PWD       =/Users/xuchu/xcpy/bsbApi/autoJmeter/utils
2017-06-20 20:22:47,795 INFO o.a.j.JMeter: IP: 10.1.2.231 Name: bogon FullName: bogon
2017-06-20 20:22:47,798 INFO o.a.j.s.FileServer: Default base='/Users/xuchu/xcpy/bsbApi/autoJmeter/utils'
2017-06-20 20:22:47,798 INFO o.a.j.s.FileServer: Set new base='/Users/xuchu/xcpy/bsbApi/autoJmeter/jmxs'
2017-06-20 20:22:47,887 INFO o.a.j.s.SaveService: Testplan (JMX) version: 2.2. Testlog (JTL) version: 2.2
2017-06-20 20:22:47,898 INFO o.a.j.s.SaveService: Using SaveService properties file encoding UTF-8
2017-06-20 20:22:47,903 INFO o.a.j.s.SaveService: Using SaveService properties version 3.2
2017-06-20 20:22:47,910 INFO o.a.j.s.SaveService: Loading file: /Users/xuchu/xcpy/bsbApi/autoJmeter/jmxs/dafei001.jmx
2017-06-20 20:22:47,966 INFO o.a.j.p.h.s.HTTPSamplerBase: Parser for text/html is org.apache.jmeter.protocol.http.parser.LagartoBasedHtmlParser
2017-06-20 20:22:47,966 INFO o.a.j.p.h.s.HTTPSamplerBase: Parser for application/xhtml+xml is org.apache.jmeter.protocol.http.parser.LagartoBasedHtmlParser
2017-06-20 20:22:47,966 INFO o.a.j.p.h.s.HTTPSamplerBase: Parser for application/xml is org.apache.jmeter.protocol.http.parser.LagartoBasedHtmlParser
2017-06-20 20:22:47,966 INFO o.a.j.p.h.s.HTTPSamplerBase: Parser for text/xml is org.apache.jmeter.protocol.http.parser.LagartoBasedHtmlParser
2017-06-20 20:22:47,966 INFO o.a.j.p.h.s.HTTPSamplerBase: Parser for text/vnd.wap.wml is org.apache.jmeter.protocol.http.parser.RegexpHTMLParser
2017-06-20 20:22:47,966 INFO o.a.j.p.h.s.HTTPSamplerBase: Parser for text/css is org.apache.jmeter.protocol.http.parser.CssParser
2017-06-20 20:22:47,988 INFO o.a.j.JMeter: Creating summariser <summary>
2017-06-20 20:22:47,991 INFO o.a.j.e.StandardJMeterEngine: Running the test!
2017-06-20 20:22:47,992 INFO o.a.j.s.SampleEvent: List of sample_variables: []
2017-06-20 20:22:47,992 INFO o.a.j.s.SampleEvent: List of sample_variables: []
2017-06-20 20:22:47,995 INFO o.a.j.e.u.CompoundVariable: Note: Function class names must contain the string: '.functions.'
2017-06-20 20:22:47,995 INFO o.a.j.e.u.CompoundVariable: Note: Function class names must not contain the string: '.gui.'
2017-06-20 20:22:48,263 INFO o.a.j.JMeter: 正在运行的测试 (1497961368263)
2017-06-20 20:22:48,297 INFO o.a.j.e.StandardJMeterEngine: Starting ThreadGroup: 1 : 线程组
2017-06-20 20:22:48,297 INFO o.a.j.e.StandardJMeterEngine: Starting 1 threads for group 线程组.
2017-06-20 20:22:48,297 INFO o.a.j.e.StandardJMeterEngine: Thread will continue on error
2017-06-20 20:22:48,297 INFO o.a.j.t.ThreadGroup: Starting thread group... number=1 threads=1 ramp-up=1 perThread=1000.0 delayedStart=false
2017-06-20 20:22:48,301 INFO o.a.j.t.ThreadGroup: Started thread group number 1
2017-06-20 20:22:48,301 INFO o.a.j.e.StandardJMeterEngine: All thread groups have been started
2017-06-20 20:22:48,303 INFO o.a.j.t.JMeterThread: Thread started: 线程组 1-1
2017-06-20 20:22:48,318 INFO o.a.j.p.h.s.HTTPHCAbstractImpl: Local host = bogon
2017-06-20 20:22:48,322 INFO o.a.j.p.h.s.HTTPHC4Impl: HTTP request retry count = 3
2017-06-20 20:22:48,327 INFO o.a.j.s.SampleResult: Note: Sample TimeStamps are START times
2017-06-20 20:22:48,327 INFO o.a.j.s.SampleResult: sampleresult.default.encoding is set to utf-8
2017-06-20 20:22:48,327 INFO o.a.j.s.SampleResult: sampleresult.useNanoTime=true
2017-06-20 20:22:48,328 INFO o.a.j.s.SampleResult: sampleresult.nanoThreadSleep=5000
2017-06-20 20:22:48,417 INFO o.a.j.t.JMeterThread: Thread is done: 线程组 1-1
2017-06-20 20:22:48,417 INFO o.a.j.t.JMeterThread: Thread finished: 线程组 1-1
2017-06-20 20:22:48,418 INFO o.a.j.e.StandardJMeterEngine: Notifying test listeners of end of test
2017-06-20 20:22:48,418 INFO o.a.j.r.Summariser: summary =      2 in 00:00:00 =   12.9/s Avg:    32 Min:     7 Max:    57 Err:     0 (0.00%)
